[2025-07-28 18:22:52] INFO: Initated Log file successfully.
[2025-07-28 18:22:52] INFO: Main script is running.
[2025-07-28 18:38:27] INFO: --- LSTM Model Summary ---
[2025-07-28 18:38:27] INFO: Start
Total mem usage [MB] =21336.0
[2025-07-28 18:38:31] INFO: None
[2025-07-28 18:38:31] INFO: --- Bidirectional LSTM Model Summary ---
[2025-07-28 18:38:31] INFO: Start
[2025-07-28 18:38:31] INFO: Total mem usage [MB] =14343.0
[2025-07-28 18:38:31] INFO: /usr/local/lib/python3.11/dist-packages/keras/src/layers/core/embedding.py:90: UserWarning: Argument `input_length` is deprecated. Just remove it.
[2025-07-28 18:38:31] INFO: warnings.warn(
Model: "sequential"
┏━━━━━━━━━━━━━━━━━━━━━━━━━━━━━━━━━┳━━━━━━━━━━━━━━━━━━━━━━━━┳━━━━━━━━━━━━━━━┓
┃ Layer (type)                    ┃ Output Shape           ┃       Param # ┃
┡━━━━━━━━━━━━━━━━━━━━━━━━━━━━━━━━━╇━━━━━━━━━━━━━━━━━━━━━━━━╇━━━━━━━━━━━━━━━┩
│ embedding (Embedding)           │ ?                      │   0 (unbuilt) │
├─────────────────────────────────┼────────────────────────┼───────────────┤
│ bidirectional (Bidirectional)   │ ?                      │   0 (unbuilt) │
├─────────────────────────────────┼────────────────────────┼───────────────┤
│ dropout (Dropout)               │ ?                      │             0 │
├─────────────────────────────────┼────────────────────────┼───────────────┤
│ bidirectional_1 (Bidirectional) │ ?                      │   0 (unbuilt) │
├─────────────────────────────────┼────────────────────────┼───────────────┤
│ dropout_1 (Dropout)             │ ?                      │             0 │
├─────────────────────────────────┼────────────────────────┼───────────────┤
│ dense (Dense)                   │ ?                      │   0 (unbuilt) │
└─────────────────────────────────┴────────────────────────┴───────────────┘
 Total params: 0 (0.00 B)
 Trainable params: 0 (0.00 B)
 Non-trainable params: 0 (0.00 B)
None
Epoch 1/5
11003/11003 ━━━━━━━━━━━━━━━━━━━━ 405s 36ms/step - accuracy: 0.4543 - loss: 1.0470 - val_accuracy: 0.5707 - val_loss: 0.9148
Epoch 2/5
11003/11003 ━━━━━━━━━━━━━━━━━━━━ 435s 36ms/step - accuracy: 0.5824 - loss: 0.9027 - val_accuracy: 0.6035 - val_loss: 0.8735
Epoch 3/5
11003/11003 ━━━━━━━━━━━━━━━━━━━━ 443s 36ms/step - accuracy: 0.6107 - loss: 0.8560 - val_accuracy: 0.6203 - val_loss: 0.8306
Epoch 4/5
11003/11003 ━━━━━━━━━━━━━━━━━━━━ 440s 36ms/step - accuracy: 0.6396 - loss: 0.8059 - val_accuracy: 0.6477 - val_loss: 0.7954
Epoch 5/5
11003/11003 ━━━━━━━━━━━━━━━━━━━━ 440s 35ms/step - accuracy: 0.6570 - loss: 0.7772 - val_accuracy: 0.6582 - val_loss: 0.7770
3439/3439 ━━━━━━━━━━━━━━━━━━━━ 48s 14ms/step - accuracy: 0.6553 - loss: 0.7793
[2025-07-28 18:38:31] INFO: Bidirectional LSTM Model Accuracy: 0.6552608013153076
[2025-07-28 18:38:31] INFO: Bidirectional LSTM Model Loss: 0.780439019203186
[2025-07-28 18:38:31] INFO: End
[2025-07-28 18:38:31] INFO: 	no issues reported
[2025-07-28 18:38:31] INFO: 	Total runtime [s] = 2298.7
[2025-07-28 18:38:31] INFO: 	Total mem usage [MB] =23425.0
[2025-07-28 18:38:31] INFO: --- LSTM Model Summary ---
[2025-07-28 18:38:31] INFO: Start
[2025-07-28 18:38:31] INFO: Total mem usage [MB] =23425.0
Model: "sequential_1"
┏━━━━━━━━━━━━━━━━━━━━━━━━━━━━━━━━━┳━━━━━━━━━━━━━━━━━━━━━━━━┳━━━━━━━━━━━━━━━┓
┃ Layer (type)                    ┃ Output Shape           ┃       Param # ┃
┡━━━━━━━━━━━━━━━━━━━━━━━━━━━━━━━━━╇━━━━━━━━━━━━━━━━━━━━━━━━╇━━━━━━━━━━━━━━━┩
│ embedding_1 (Embedding)         │ ?                      │   0 (unbuilt) │
├─────────────────────────────────┼────────────────────────┼───────────────┤
│ lstm_2 (LSTM)                   │ ?                      │   0 (unbuilt) │
├─────────────────────────────────┼────────────────────────┼───────────────┤
│ dropout_2 (Dropout)             │ ?                      │             0 │
├─────────────────────────────────┼────────────────────────┼───────────────┤
│ lstm_3 (LSTM)                   │ ?                      │   0 (unbuilt) │
├─────────────────────────────────┼────────────────────────┼───────────────┤
│ dropout_3 (Dropout)             │ ?                      │             0 │
├─────────────────────────────────┼────────────────────────┼───────────────┤
│ dense_1 (Dense)                 │ ?                      │   0 (unbuilt) │
└─────────────────────────────────┴────────────────────────┴───────────────┘
 Total params: 0 (0.00 B)
 Trainable params: 0 (0.00 B)
 Non-trainable params: 0 (0.00 B)
None
Epoch 1/5
11003/11003 ━━━━━━━━━━━━━━━━━━━━ 235s 21ms/step - accuracy: 0.4501 - loss: 1.0533 - val_accuracy: 0.5612 - val_loss: 0.9310
Epoch 2/5
11003/11003 ━━━━━━━━━━━━━━━━━━━━ 265s 21ms/step - accuracy: 0.5757 - loss: 0.9097 - val_accuracy: 0.6071 - val_loss: 0.8534
Epoch 3/5
11003/11003 ━━━━━━━━━━━━━━━━━━━━ 245s 20ms/step - accuracy: 0.6169 - loss: 0.8401 - val_accuracy: 0.6333 - val_loss: 0.8129
Epoch 4/5
11003/11003 ━━━━━━━━━━━━━━━━━━━━ 275s 21ms/step - accuracy: 0.6418 - loss: 0.8029 - val_accuracy: 0.6461 - val_loss: 0.7969
Epoch 5/5
11003/11003 ━━━━━━━━━━━━━━━━━━━━ 260s 21ms/step - accuracy: 0.6569 - loss: 0.7787 - val_accuracy: 0.6552 - val_loss: 0.7825
3439/3439 ━━━━━━━━━━━━━━━━━━━━ 28s 8ms/step - accuracy: 0.6556 - loss: 0.7846
[2025-07-28 18:38:31] INFO: LSTM Model Accuracy: 0.6532886028289795
[2025-07-28 18:38:31] INFO: LSTM Model loss: 0.786942720413208
[2025-07-28 18:38:31] INFO: End
[2025-07-28 18:38:31] INFO: 	no issues reported
[2025-07-28 18:38:31] INFO: 	Total runtime [s] = 1320.9
[2025-07-28 18:38:31] INFO: 	Total mem usage [MB] =23628.0