[2025-07-28 18:22:52] INFO: Initated Log file successfully.
[2025-07-28 18:22:52] INFO: Main script is running.
[2025-07-28 18:38:27] INFO: --- LSTM Model Summary ---
[2025-07-28 18:38:27] INFO: Start
Total mem usage [MB] =21336.0
D:\virtualenv\myenv\Lib\site-packages\keras\src\layers\core\embedding.py:97: UserWarning: Argument `input_length` is deprecated. Just remove it.
  warnings.warn(
2025-07-28 18:38:29.055013: I tensorflow/core/platform/cpu_feature_guard.cc:210] This TensorFlow binary is optimized to use available CPU instructions in performance-critical operations.
To enable the following instructions: SSE3 SSE4.1 SSE4.2 AVX AVX2 FMA, in other operations, rebuild TensorFlow with the appropriate compiler flags.
Model: "sequential"
┏━━━━━━━━━━━━━━━━━━━━━━━━━━━━━━━━━━━━━━┳━━━━━━━━━━━━━━━━━━━━━━━━━━━━━┳━━━━━━━━━━━━━━━━━┓
┃ Layer (type)                         ┃ Output Shape                ┃         Param # ┃
┡━━━━━━━━━━━━━━━━━━━━━━━━━━━━━━━━━━━━━━╇━━━━━━━━━━━━━━━━━━━━━━━━━━━━━╇━━━━━━━━━━━━━━━━━┩
│ embedding (Embedding)                │ ?                           │     0 (unbuilt) │
├──────────────────────────────────────┼─────────────────────────────┼─────────────────┤
│ dropout (Dropout)                    │ ?                           │               0 │
├──────────────────────────────────────┼─────────────────────────────┼─────────────────┤
│ lstm_1 (LSTM)                        │ ?                           │     0 (unbuilt) │
├──────────────────────────────────────┼─────────────────────────────┼─────────────────┤
│ dropout_1 (Dropout)                  │ ?                           │               0 │
├──────────────────────────────────────┼─────────────────────────────┼─────────────────┤
│ dense (Dense)                        │ ?                           │     0 (unbuilt) │
└──────────────────────────────────────┴─────────────────────────────┴─────────────────┘
 Total params: 0 (0.00 B)
│ dropout (Dropout)                    │ ?                           │               0 │
├──────────────────────────────────────┼─────────────────────────────┼─────────────────┤
│ lstm_1 (LSTM)                        │ ?                           │     0 (unbuilt) │
├──────────────────────────────────────┼─────────────────────────────┼─────────────────┤
│ dropout_1 (Dropout)                  │ ?                           │               0 │
├──────────────────────────────────────┼─────────────────────────────┼─────────────────┤
│ dense (Dense)                        │ ?                           │     0 (unbuilt) │
└──────────────────────────────────────┴─────────────────────────────┴─────────────────┘
 Total params: 0 (0.00 B)
 Trainable params: 0 (0.00 B)
 Non-trainable params: 0 (0.00 B)
INFO: None
None
Epoch 1/5
10149/11003 ━━━━━━━━━━━━━━━━━━━━ 8:50 621ms/step - accuracy: 0.4500 - loss:10150/11003 ━━━━━━━━━━━━━━━━━━━━ 8:49 621ms/step - accuracy: 0.4500 - loss:10151/11003 ━━━━━━━━━━━━━━━━━━━━ 8:49 621ms/step - accuracy: 0.4500 - loss:10152/11003 ━━━━━━━━━━━━━━━━━━━━ 8:48 621ms/step - accuracy: 0.4500 - loss:10153/11003/11003 ━━━━━━━━━━━━━━━━━━━━ 6944s 630ms/step - accuracy: 0.4534 - loss: 1.0511 - val_accuracy: 0.5632 - val_loss: 0.9253acy: 0.4500 - loss: 1.0546
Epoch 2/5
11003/11003 ━━━━━━━━━━━━━━━━━━━━ 3172s 288ms/step - accuracy: 0.5762 - loss: 0.9071 - val_accuracy: 0.6061 - val_loss: 0.8543
Epoch 3/5
11003/11003 ━━━━━━━━━━━━━━━━━━━━ 4409s 401ms/step - accuracy: 0.6187 - loss: 0.8383 - val_accuracy: 0.6370 - val_loss: 0.8115
Epoch 4/5
11003/11003 ━━━━━━━━━━━━━━━━━━━━ 67873s 6s/step - accuracy: 0.6447 - loss: 0.8009 - val_accuracy: 0.6492 - val_loss: 0.7943
Epoch 5/5
11003/11003 ━━━━━━━━━━━━━━━━━━━━ 3824s 348ms/step - accuracy: 0.6579 - loss: 0.7760 - val_accuracy: 0.6618 - val_loss: 0.7734
3439/3439 ━━━━━━━━━━━━━━━━━━━━ 503s 146ms/step - accuracy: 0.6599 - loss: 0.7788
INFO: LSTM Model Accuracy: 0.6578418612480164
LSTM Model Accuracy: 0.6578418612480164
[2025-07-28 18:38:31] INFO: None
[2025-07-29 18:44:02] INFO: LSTM Model Accuracy: 0.6578418612480164
[2025-07-29 18:44:02] INFO: LSTM Model loss: 0.7793481349945068
[2025-07-29 18:44:03] INFO: End
	no issues reported
	Total runtime [s] = 86735.7
	Total mem usage [MB] =20724.0
